-------------------------------------------------------------------------------
Test set: mx.com.angeldev.marvelapi.MarvelApiControllerTest
-------------------------------------------------------------------------------
Tests run: 3, Failures: 1, Errors: 0, Skipped: 0, Time elapsed: 3.287 s <<< FAILURE! - in mx.com.angeldev.marvelapi.MarvelApiControllerTest
getCharacterNotExists  Time elapsed: 0.52 s  <<< FAILURE!
org.opentest4j.AssertionFailedError: expected: <404> but was: <200>
	at mx.com.angeldev.marvelapi.MarvelApiControllerTest.getCharacterNotExists(MarvelApiControllerTest.java:53)

